

Started GET "/" for 152.7.224.3 at 2015-09-15 10:58:19 -0400
Cannot render console from 152.7.224.3! Allowed networks: 127.0.0.1, ::1, 127.0.0.0/127.255.255.255
Processing by Rails::WelcomeController#index as HTML
  Rendered /usr/local/share/gems/gems/railties-4.2.4/lib/rails/templates/rails/welcome/index.html.erb (1.3ms)
Completed 200 OK in 13ms (Views: 5.0ms | ActiveRecord: 0.0ms)


Started GET "/" for 152.7.224.3 at 2015-09-15 10:58:25 -0400
Cannot render console from 152.7.224.3! Allowed networks: 127.0.0.1, ::1, 127.0.0.0/127.255.255.255
Processing by Rails::WelcomeController#index as HTML
  Rendered /usr/local/share/gems/gems/railties-4.2.4/lib/rails/templates/rails/welcome/index.html.erb (0.1ms)
Completed 200 OK in 3ms (Views: 2.1ms | ActiveRecord: 0.0ms)
  [1m[36m (0.9ms)[0m  [1mCREATE TABLE "schema_migrations" ("version" varchar NOT NULL) [0m
  [1m[35m (0.1ms)[0m  select sqlite_version(*)
  [1m[36m (0.7ms)[0m  [1mCREATE UNIQUE INDEX "unique_schema_migrations" ON "schema_migrations" ("version")[0m
  [1m[35mActiveRecord::SchemaMigration Load (0.1ms)[0m  SELECT "schema_migrations".* FROM "schema_migrations"
Migrating to CreateMembers (20150915180758)
  [1m[36m (0.1ms)[0m  [1mbegin transaction[0m
  [1m[35m (0.1ms)[0m  rollback transaction
  [1m[36mActiveRecord::SchemaMigration Load (0.1ms)[0m  [1mSELECT "schema_migrations".* FROM "schema_migrations"[0m
Migrating to CreateMembers (20150915180758)
  [1m[35m (0.1ms)[0m  begin transaction
  [1m[36m (0.1ms)[0m  [1mrollback transaction[0m
  [1m[36mActiveRecord::SchemaMigration Load (0.1ms)[0m  [1mSELECT "schema_migrations".* FROM "schema_migrations"[0m
Migrating to CreateMembers (20150915181217)
  [1m[35m (0.1ms)[0m  begin transaction
  [1m[36m (0.6ms)[0m  [1mCREATE TABLE "members" ("id" INTEGER PRIMARY KEY AUTOINCREMENT NOT NULL, "name" varchar, "email" varchar, "password" varchar, "created_at" datetime NOT NULL, "updated_at" datetime NOT NULL) [0m
  [1m[35m (0.1ms)[0m  select sqlite_version(*)
  [1m[36m (0.9ms)[0m  [1mCREATE UNIQUE INDEX "index_members_on_email" ON "members" ("email")[0m
  [1m[35mSQL (0.2ms)[0m  INSERT INTO "schema_migrations" ("version") VALUES (?)  [["version", "20150915181217"]]
  [1m[36m (0.7ms)[0m  [1mcommit transaction[0m
  [1m[35mActiveRecord::SchemaMigration Load (0.1ms)[0m  SELECT "schema_migrations".* FROM "schema_migrations"
  [1m[36m (0.1ms)[0m  [1m            SELECT sql
            FROM sqlite_master
            WHERE name='index_members_on_email' AND type='index'
            UNION ALL
            SELECT sql
            FROM sqlite_temp_master
            WHERE name='index_members_on_email' AND type='index'
[0m


Started GET "/" for ::1 at 2015-09-19 12:18:37 -0400
  [1m[36mActiveRecord::SchemaMigration Load (0.4ms)[0m  [1mSELECT "schema_migrations".* FROM "schema_migrations"[0m
Processing by Rails::WelcomeController#index as HTML
  Rendered /Library/Ruby/Gems/2.0.0/gems/railties-4.2.4/lib/rails/templates/rails/welcome/index.html.erb (1.7ms)
Completed 200 OK in 28ms (Views: 10.9ms | ActiveRecord: 0.0ms)


Started GET "/" for ::1 at 2015-09-19 12:21:38 -0400
Processing by MembersController#book_search as HTML
  Rendered members/book_search.html.erb within layouts/application (46.4ms)
Completed 500 Internal Server Error in 50ms (ActiveRecord: 0.0ms)

ActionView::Template::Error (undefined local variable or method `projects_path' for #<#<Class:0x007f8a1fbb1f38>:0x007f8a1fbb0958>):
    27: </table>
    28: <br />
    29: 
    30: <% form_tag projects_path, :method => 'get' do %>
    31:   <p>
    32:     <%= text_field_tag :search, params[:search] %>
    33:     <%= submit_tag "Search", :name => nil %>
  app/views/members/book_search.html.erb:30:in `_app_views_members_book_search_html_erb__2880194417684967029_70115607304160'


  Rendered /Library/Ruby/Gems/2.0.0/gems/actionpack-4.2.4/lib/action_dispatch/middleware/templates/rescues/_source.erb (7.3ms)
  Rendered /Library/Ruby/Gems/2.0.0/gems/actionpack-4.2.4/lib/action_dispatch/middleware/templates/rescues/_trace.html.erb (42.7ms)
  Rendered /Library/Ruby/Gems/2.0.0/gems/actionpack-4.2.4/lib/action_dispatch/middleware/templates/rescues/_request_and_response.html.erb (1.4ms)
  Rendered /Library/Ruby/Gems/2.0.0/gems/actionpack-4.2.4/lib/action_dispatch/middleware/templates/rescues/template_error.html.erb within rescues/layout (66.7ms)
  Rendered /Library/Ruby/Gems/2.0.0/gems/web-console-2.2.1/lib/web_console/templates/_markup.html.erb (0.4ms)
  Rendered /Library/Ruby/Gems/2.0.0/gems/web-console-2.2.1/lib/web_console/templates/_inner_console_markup.html.erb within layouts/inlined_string (0.3ms)
  Rendered /Library/Ruby/Gems/2.0.0/gems/web-console-2.2.1/lib/web_console/templates/_prompt_box_markup.html.erb within layouts/inlined_string (0.3ms)
  Rendered /Library/Ruby/Gems/2.0.0/gems/web-console-2.2.1/lib/web_console/templates/style.css.erb within layouts/inlined_string (0.3ms)
  Rendered /Library/Ruby/Gems/2.0.0/gems/web-console-2.2.1/lib/web_console/templates/console.js.erb within layouts/javascript (15.6ms)
  Rendered /Library/Ruby/Gems/2.0.0/gems/web-console-2.2.1/lib/web_console/templates/main.js.erb within layouts/javascript (0.3ms)
  Rendered /Library/Ruby/Gems/2.0.0/gems/web-console-2.2.1/lib/web_console/templates/error_page.js.erb within layouts/javascript (0.4ms)
  Rendered /Library/Ruby/Gems/2.0.0/gems/web-console-2.2.1/lib/web_console/templates/index.html.erb (36.6ms)


Started GET "/" for ::1 at 2015-09-19 12:23:45 -0400
Processing by MembersController#book_search as HTML
  Rendered members/book_search.html.erb within layouts/application (0.6ms)
Completed 200 OK in 1932ms (Views: 1931.4ms | ActiveRecord: 0.0ms)


Started GET "/assets/members.self-e3b0c44298fc1c149afbf4c8996fb92427ae41e4649b934ca495991b7852b855.css?body=1" for ::1 at 2015-09-19 12:23:47 -0400


Started GET "/assets/application.self-e80e8f2318043e8af94dddc2adad5a4f09739a8ebb323b3ab31cd71d45fd9113.css?body=1" for ::1 at 2015-09-19 12:23:47 -0400


Started GET "/assets/jquery.self-a714331225dda820228db323939889f149aec0127aeb06255646b616ba1ca419.js?body=1" for ::1 at 2015-09-19 12:23:47 -0400


Started GET "/assets/members.self-877aef30ae1b040ab8a3aba4e3e309a11d7f2612f44dde450b5c157aa5f95c05.js?body=1" for ::1 at 2015-09-19 12:23:47 -0400


Started GET "/assets/scaffolds.self-d258ec53d359db8a662da7e30475e93ffd4fb256d1a98bbf8da156c1671883d9.css?body=1" for ::1 at 2015-09-19 12:23:47 -0400


Started GET "/assets/turbolinks.self-c37727e9bd6b2735da5c311aa83fead54ed0be6cc8bd9a65309e9c5abe2cbfff.js?body=1" for ::1 at 2015-09-19 12:23:47 -0400


Started GET "/assets/jquery_ujs.self-d456baa54c1fa6be2ec3711f0a72ddf7a5b2f34a6b4f515f33767d6207b7d4b3.js?body=1" for ::1 at 2015-09-19 12:23:47 -0400


Started GET "/assets/application.self-3b8dabdc891efe46b9a144b400ad69e37d7e5876bdc39dee783419a69d7ca819.js?body=1" for ::1 at 2015-09-19 12:23:47 -0400


Started GET "/" for ::1 at 2015-09-19 12:24:31 -0400
Processing by MembersController#book_search as HTML
  Rendered members/book_search.html.erb within layouts/application (1.5ms)
Completed 200 OK in 91ms (Views: 89.6ms | ActiveRecord: 0.0ms)


Started GET "/assets/members.self-e3b0c44298fc1c149afbf4c8996fb92427ae41e4649b934ca495991b7852b855.css?body=1" for ::1 at 2015-09-19 12:24:31 -0400


Started GET "/assets/application.self-e80e8f2318043e8af94dddc2adad5a4f09739a8ebb323b3ab31cd71d45fd9113.css?body=1" for ::1 at 2015-09-19 12:24:31 -0400


Started GET "/assets/scaffolds.self-d258ec53d359db8a662da7e30475e93ffd4fb256d1a98bbf8da156c1671883d9.css?body=1" for ::1 at 2015-09-19 12:24:31 -0400


Started GET "/assets/jquery.self-a714331225dda820228db323939889f149aec0127aeb06255646b616ba1ca419.js?body=1" for ::1 at 2015-09-19 12:24:31 -0400


Started GET "/assets/jquery_ujs.self-d456baa54c1fa6be2ec3711f0a72ddf7a5b2f34a6b4f515f33767d6207b7d4b3.js?body=1" for ::1 at 2015-09-19 12:24:31 -0400


Started GET "/assets/turbolinks.self-c37727e9bd6b2735da5c311aa83fead54ed0be6cc8bd9a65309e9c5abe2cbfff.js?body=1" for ::1 at 2015-09-19 12:24:31 -0400


Started GET "/assets/members.self-877aef30ae1b040ab8a3aba4e3e309a11d7f2612f44dde450b5c157aa5f95c05.js?body=1" for ::1 at 2015-09-19 12:24:31 -0400


Started GET "/assets/application.self-3b8dabdc891efe46b9a144b400ad69e37d7e5876bdc39dee783419a69d7ca819.js?body=1" for ::1 at 2015-09-19 12:24:31 -0400


Started GET "/" for ::1 at 2015-09-19 12:25:06 -0400
Processing by MembersController#book_search as HTML
  Rendered members/book_search.html.erb within layouts/application (0.9ms)
Completed 200 OK in 37ms (Views: 35.7ms | ActiveRecord: 0.0ms)


Started GET "/assets/members.self-e3b0c44298fc1c149afbf4c8996fb92427ae41e4649b934ca495991b7852b855.css?body=1" for ::1 at 2015-09-19 12:25:06 -0400


Started GET "/assets/application.self-e80e8f2318043e8af94dddc2adad5a4f09739a8ebb323b3ab31cd71d45fd9113.css?body=1" for ::1 at 2015-09-19 12:25:06 -0400


Started GET "/assets/scaffolds.self-d258ec53d359db8a662da7e30475e93ffd4fb256d1a98bbf8da156c1671883d9.css?body=1" for ::1 at 2015-09-19 12:25:06 -0400


Started GET "/assets/jquery_ujs.self-d456baa54c1fa6be2ec3711f0a72ddf7a5b2f34a6b4f515f33767d6207b7d4b3.js?body=1" for ::1 at 2015-09-19 12:25:06 -0400


Started GET "/assets/turbolinks.self-c37727e9bd6b2735da5c311aa83fead54ed0be6cc8bd9a65309e9c5abe2cbfff.js?body=1" for ::1 at 2015-09-19 12:25:06 -0400


Started GET "/assets/jquery.self-a714331225dda820228db323939889f149aec0127aeb06255646b616ba1ca419.js?body=1" for ::1 at 2015-09-19 12:25:06 -0400


Started GET "/assets/application.self-3b8dabdc891efe46b9a144b400ad69e37d7e5876bdc39dee783419a69d7ca819.js?body=1" for ::1 at 2015-09-19 12:25:06 -0400


Started GET "/assets/members.self-877aef30ae1b040ab8a3aba4e3e309a11d7f2612f44dde450b5c157aa5f95c05.js?body=1" for ::1 at 2015-09-19 12:25:06 -0400


Started GET "/" for ::1 at 2015-09-19 12:30:31 -0400
Processing by MembersController#book_search as HTML
  Rendered members/book_search.html.erb within layouts/application (0.4ms)
Completed 200 OK in 32ms (Views: 31.8ms | ActiveRecord: 0.0ms)


Started GET "/assets/members.self-e3b0c44298fc1c149afbf4c8996fb92427ae41e4649b934ca495991b7852b855.css?body=1" for ::1 at 2015-09-19 12:30:31 -0400


Started GET "/assets/scaffolds.self-d258ec53d359db8a662da7e30475e93ffd4fb256d1a98bbf8da156c1671883d9.css?body=1" for ::1 at 2015-09-19 12:30:31 -0400


Started GET "/assets/turbolinks.self-c37727e9bd6b2735da5c311aa83fead54ed0be6cc8bd9a65309e9c5abe2cbfff.js?body=1" for ::1 at 2015-09-19 12:30:31 -0400


Started GET "/assets/application.self-e80e8f2318043e8af94dddc2adad5a4f09739a8ebb323b3ab31cd71d45fd9113.css?body=1" for ::1 at 2015-09-19 12:30:31 -0400


Started GET "/assets/jquery.self-a714331225dda820228db323939889f149aec0127aeb06255646b616ba1ca419.js?body=1" for ::1 at 2015-09-19 12:30:31 -0400


Started GET "/assets/members.self-877aef30ae1b040ab8a3aba4e3e309a11d7f2612f44dde450b5c157aa5f95c05.js?body=1" for ::1 at 2015-09-19 12:30:31 -0400


Started GET "/assets/jquery_ujs.self-d456baa54c1fa6be2ec3711f0a72ddf7a5b2f34a6b4f515f33767d6207b7d4b3.js?body=1" for ::1 at 2015-09-19 12:30:31 -0400


Started GET "/assets/application.self-3b8dabdc891efe46b9a144b400ad69e37d7e5876bdc39dee783419a69d7ca819.js?body=1" for ::1 at 2015-09-19 12:30:31 -0400


Started GET "/" for ::1 at 2015-09-23 20:03:35 -0400
  [1m[36mActiveRecord::SchemaMigration Load (0.0ms)[0m  [1mSELECT "schema_migrations".* FROM "schema_migrations"[0m
Processing by MembersController#book_search as HTML
  Rendered members/book_search.html.erb within layouts/application (8.0ms)
Completed 200 OK in 919ms (Views: 896.1ms | ActiveRecord: 0.0ms)


Started GET "/assets/scaffolds.self-67d6b261dc183533b65ddf54b362a0954aeb96806f93784b313b42a2a23944a1.css?body=1" for ::1 at 2015-09-23 20:03:37 -0400


Started GET "/assets/turbolinks.self-c37727e9bd6b2735da5c311aa83fead54ed0be6cc8bd9a65309e9c5abe2cbfff.js?body=1" for ::1 at 2015-09-23 20:03:37 -0400


Started GET "/members" for ::1 at 2015-09-23 20:16:06 -0400
Processing by MembersController#index as HTML
  [1m[35mMember Load (0.0ms)[0m  SELECT "members".* FROM "members"
  Rendered members/index.html.erb within layouts/application (5.0ms)
Completed 200 OK in 212ms (Views: 207.0ms | ActiveRecord: 0.0ms)


Started GET "/members/new" for ::1 at 2015-09-23 20:16:08 -0400
Processing by MembersController#new as HTML
  Rendered members/_form.html.erb (49.0ms)
  Rendered members/new.html.erb within layouts/application (61.0ms)
Completed 200 OK in 189ms (Views: 181.0ms | ActiveRecord: 1.0ms)


Started POST "/members" for ::1 at 2015-09-23 20:16:13 -0400
Processing by MembersController#create as HTML
  Parameters: {"utf8"=>"✓", "authenticity_token"=>"a3PEo7FIdoxO0QM8SdIPqUfFu2pkWs2Bmlkmi142umtEZy96OE1jo30CXPdFTfywWnUDprfjVFpg9cNQCvgb/A==", "member"=>{"name"=>"dsf", "email"=>"sdf", "password"=>"[FILTERED]"}, "commit"=>"Create Member"}
  [1m[36m (0.0ms)[0m  [1mbegin transaction[0m
  [1m[35mSQL (2.0ms)[0m  INSERT INTO "members" ("name", "email", "password", "created_at", "updated_at") VALUES (?, ?, ?, ?, ?)  [["name", "dsf"], ["email", "sdf"], ["password", "sdf"], ["created_at", "2015-09-24 00:16:13.582762"], ["updated_at", "2015-09-24 00:16:13.582762"]]
  [1m[36m (4.0ms)[0m  [1mcommit transaction[0m
Redirected to http://localhost:3000/members/1
Completed 302 Found in 23ms (ActiveRecord: 6.0ms)


Started GET "/members/1" for ::1 at 2015-09-23 20:16:13 -0400
Processing by MembersController#show as HTML
  Parameters: {"id"=>"1"}
  [1m[35mMember Load (1.0ms)[0m  SELECT  "members".* FROM "members" WHERE "members"."id" = ? LIMIT 1  [["id", 1]]
  Rendered members/show.html.erb within layouts/application (2.0ms)
Completed 200 OK in 209ms (Views: 182.0ms | ActiveRecord: 1.0ms)


Started GET "/members" for ::1 at 2015-09-23 20:16:15 -0400
Processing by MembersController#index as HTML
  [1m[36mMember Load (0.0ms)[0m  [1mSELECT "members".* FROM "members"[0m
  Rendered members/index.html.erb within layouts/application (6.0ms)
Completed 200 OK in 140ms (Views: 139.0ms | ActiveRecord: 0.0ms)


Started DELETE "/members/1" for ::1 at 2015-09-23 20:16:25 -0400
Processing by MembersController#destroy as HTML
  Parameters: {"authenticity_token"=>"dc56BWCvT8dTV3Tb1WTgLVFwYDQXqIwvUBGITUDpEIha2pHc6apa6GCEKxDZ+xM0TMDY+MQRFfSqvW2WFCexHw==", "id"=>"1"}
  [1m[35mMember Load (1.0ms)[0m  SELECT  "members".* FROM "members" WHERE "members"."id" = ? LIMIT 1  [["id", 1]]
  [1m[36m (0.0ms)[0m  [1mbegin transaction[0m
  [1m[35mSQL (1.0ms)[0m  DELETE FROM "members" WHERE "members"."id" = ?  [["id", 1]]
  [1m[36m (4.0ms)[0m  [1mcommit transaction[0m
Redirected to http://localhost:3000/members
Completed 302 Found in 28ms (ActiveRecord: 6.0ms)


Started GET "/members" for ::1 at 2015-09-23 20:16:25 -0400
Processing by MembersController#index as HTML
  [1m[35mMember Load (0.0ms)[0m  SELECT "members".* FROM "members"
  Rendered members/index.html.erb within layouts/application (2.0ms)
Completed 200 OK in 186ms (Views: 183.0ms | ActiveRecord: 0.0ms)


Started GET "/members/new" for ::1 at 2015-09-23 20:16:27 -0400
Processing by MembersController#new as HTML
  Rendered members/_form.html.erb (3.0ms)
  Rendered members/new.html.erb within layouts/application (6.0ms)
Completed 200 OK in 128ms (Views: 126.0ms | ActiveRecord: 0.0ms)


Started POST "/members" for ::1 at 2015-09-23 20:16:32 -0400
Processing by MembersController#create as HTML
  Parameters: {"utf8"=>"✓", "authenticity_token"=>"z7WqrkUQFVlfgZfUthwjHB6OKptvrJAFFY6Yi69IMWbgoUF3zBUAdmxSyB+6g9AFAz6SV7wVCd7vIn1Q+4aQ8Q==", "member"=>{"name"=>"dfs", "email"=>"sdf", "password"=>"[FILTERED]"}, "commit"=>"Create Member"}
  [1m[36m (1.0ms)[0m  [1mbegin transaction[0m
  [1m[35mSQL (1.0ms)[0m  INSERT INTO "members" ("name", "email", "password", "created_at", "updated_at") VALUES (?, ?, ?, ?, ?)  [["name", "dfs"], ["email", "sdf"], ["password", "dsf"], ["created_at", "2015-09-24 00:16:32.386837"], ["updated_at", "2015-09-24 00:16:32.386837"]]
  [1m[36m (4.0ms)[0m  [1mcommit transaction[0m
Redirected to http://localhost:3000/members/2
Completed 302 Found in 15ms (ActiveRecord: 6.0ms)


Started GET "/members/2" for ::1 at 2015-09-23 20:16:32 -0400
Processing by MembersController#show as HTML
  Parameters: {"id"=>"2"}
  [1m[35mMember Load (1.0ms)[0m  SELECT  "members".* FROM "members" WHERE "members"."id" = ? LIMIT 1  [["id", 2]]
  Rendered members/show.html.erb within layouts/application (1.0ms)
Completed 200 OK in 162ms (Views: 159.0ms | ActiveRecord: 1.0ms)


Started GET "/members" for ::1 at 2015-09-23 20:16:37 -0400
Processing by MembersController#index as HTML
  [1m[36mMember Load (0.0ms)[0m  [1mSELECT "members".* FROM "members"[0m
  Rendered members/index.html.erb within layouts/application (4.0ms)
Completed 200 OK in 138ms (Views: 135.0ms | ActiveRecord: 0.0ms)
